<?xml version="1.0" encoding="UTF-8"?>
<testsuite name="com.learnwiremock.service.MoviesRestClientTest" tests="1" skipped="0" failures="0" errors="0" timestamp="2022-08-25T05:40:10" hostname="PIXIE" time="1.052">
  <properties/>
  <testcase name="deleteMovie_badRequest()" classname="com.learnwiremock.service.MoviesRestClientTest" time="1.052"/>
  <system-out><![CDATA[]]></system-out>
  <system-err><![CDATA[[Test worker] ERROR com.learnwiremock.service.MoviesRestClient - WebClientResponseException in deleteMovie. Status code is 404 and the message is {"timestamp":"2022-08-25T05:40:11.412+0000","status":404,"error":"Not Found","message":"No Movie Available with the given Id - 1122","path":"/movieservice/v1/movie/1122"}
]]></system-err>
</testsuite>
